Start testing: Apr 23 15:40 MSK
----------------------------------------------------------
1/2 Testing: dagger_cpp_tests
1/2 Test: dagger_cpp_tests
Command: "/home/student/dagger/build/dagger_cpp_tests"
Directory: /home/student/dagger/build
"dagger_cpp_tests" start time: Apr 23 15:40 MSK
Output:
----------------------------------------------------------
cpp tests passed
<end of output>
Test time =   0.00 sec
----------------------------------------------------------
Test Passed.
"dagger_cpp_tests" end time: Apr 23 15:40 MSK
"dagger_cpp_tests" time elapsed: 00:00:00
----------------------------------------------------------

2/2 Testing: dagger_dag_tests
2/2 Test: dagger_dag_tests
Command: "/home/student/dagger/build/dagger_dag_tests"
Directory: /home/student/dagger/build
"dagger_dag_tests" start time: Apr 23 15:40 MSK
Output:
----------------------------------------------------------
dag tests passed: 8
<end of output>
Test time =   0.01 sec
----------------------------------------------------------
Test Passed.
"dagger_dag_tests" end time: Apr 23 15:40 MSK
"dagger_dag_tests" time elapsed: 00:00:00
----------------------------------------------------------

End testing: Apr 23 15:40 MSK
