<?xml version="1.0" encoding="UTF-8"?>
<Site BuildName="(empty)"
	BuildStamp="20260425-1437-Experimental"
	Name="(empty)"
	Generator="ctest-4.2.3"
	CompilerName=""
	CompilerVersion=""
	OSName="Linux"
	Hostname="ThinkPad"
	OSRelease="7.0.0-14-generic"
	OSVersion="#14-Ubuntu SMP PREEMPT_DYNAMIC Mon Apr 13 11:09:53 UTC 2026"
	OSPlatform="x86_64"
	Is64Bits="1"
	VendorString="GenuineIntel"
	VendorID="Intel Corporation"
	FamilyID="6"
	ModelID="158"
	ModelName="Intel(R) Core(TM) i7-8850H CPU @ 2.60GHz"
	ProcessorCacheSize="9216"
	NumberOfLogicalCPU="12"
	NumberOfPhysicalCPU="6"
	TotalVirtualMemory="8191"
	TotalPhysicalMemory="31194"
	LogicalProcessorsPerPhysical="2"
	ProcessorClockFrequency="3017.23"
	>
	<Testing>
		<StartDateTime>Apr 25 19:18 MSK</StartDateTime>
		<StartTestTime>1777133903</StartTestTime>
		<TestList/>
		<EndDateTime>Apr 25 19:18 MSK</EndDateTime>
		<EndTestTime>1777133903</EndTestTime>
		<ElapsedMinutes>0</ElapsedMinutes>
	</Testing>
</Site>
